This is pdfTeX, Version 3.141592653-2.6-1.40.24 (TeX Live 2022) (preloaded format=pdflatex 2022.6.24)  17 NOV 2022 23:44
entering extended mode
 restricted \write18 enabled.
 file:line:error style messages enabled.
 %&-line parsing enabled.
**/Users/srinivasa.vemula/Library/CloudStorage/OneDrive-IndianaUniversity/Courses/ADC/Assignments/Assignment6/tex/assignment6.tex
(/Users/srinivasa.vemula/Library/CloudStorage/OneDrive-IndianaUniversity/Courses/ADC/Assignments/Assignment6/tex/assignment6.tex
LaTeX2e <2021-11-15> patch level 1
L3 programming layer <2022-02-24> (/usr/local/texlive/2022/texmf-dist/tex/latex/base/article.cls
Document Class: article 2021/10/04 v1.4n Standard LaTeX document class
(/usr/local/texlive/2022/texmf-dist/tex/latex/base/size10.clo
File: size10.clo 2021/10/04 v1.4n Standard LaTeX file (size option)
)
\c@part=\count185
\c@section=\count186
\c@subsection=\count187
\c@subsubsection=\count188
\c@paragraph=\count189
\c@subparagraph=\count190
\c@figure=\count191
\c@table=\count192
\abovecaptionskip=\skip47
\belowcaptionskip=\skip48
\bibindent=\dimen138
) (/usr/local/texlive/2022/texmf-dist/tex/latex/base/alltt.sty
Package: alltt 2021/01/29 v2.0g defines alltt environment
) (/usr/local/texlive/2022/texmf-dist/tex/latex/xcolor/xcolor.sty
Package: xcolor 2021/10/31 v2.13 LaTeX color extensions (UK)
 (/usr/local/texlive/2022/texmf-dist/tex/latex/graphics-cfg/color.cfg
File: color.cfg 2016/01/02 v1.6 sample color configuration
)
Package xcolor Info: Driver file: pdftex.def on input line 227.
 (/usr/local/texlive/2022/texmf-dist/tex/latex/graphics-def/pdftex.def
File: pdftex.def 2020/10/05 v1.2a Graphics/color driver for pdftex
)
Package xcolor Info: Model `cmy' substituted by `cmy0' on input line 1352.
Package xcolor Info: Model `hsb' substituted by `rgb' on input line 1356.
Package xcolor Info: Model `RGB' extended on input line 1368.
Package xcolor Info: Model `HTML' substituted by `rgb' on input line 1370.
Package xcolor Info: Model `Hsb' substituted by `hsb' on input line 1371.
Package xcolor Info: Model `tHsb' substituted by `hsb' on input line 1372.
Package xcolor Info: Model `HSB' substituted by `hsb' on input line 1373.
Package xcolor Info: Model `Gray' substituted by `gray' on input line 1374.
Package xcolor Info: Model `wave' substituted by `hsb' on input line 1375.
) (/usr/local/texlive/2022/texmf-dist/tex/latex/amsmath/amsmath.sty
Package: amsmath 2021/10/15 v2.17l AMS math features
\@mathmargin=\skip49

For additional information on amsmath, use the `?' option.
(/usr/local/texlive/2022/texmf-dist/tex/latex/amsmath/amstext.sty
Package: amstext 2021/08/26 v2.01 AMS text
 (/usr/local/texlive/2022/texmf-dist/tex/latex/amsmath/amsgen.sty
File: amsgen.sty 1999/11/30 v2.0 generic functions
\@emptytoks=\toks16
\ex@=\dimen139
)) (/usr/local/texlive/2022/texmf-dist/tex/latex/amsmath/amsbsy.sty
Package: amsbsy 1999/11/29 v1.2d Bold Symbols
\pmbraise@=\dimen140
) (/usr/local/texlive/2022/texmf-dist/tex/latex/amsmath/amsopn.sty
Package: amsopn 2021/08/26 v2.02 operator names
)
\inf@bad=\count193
LaTeX Info: Redefining \frac on input line 234.
\uproot@=\count194
\leftroot@=\count195
LaTeX Info: Redefining \overline on input line 399.
\classnum@=\count196
\DOTSCASE@=\count197
LaTeX Info: Redefining \ldots on input line 496.
LaTeX Info: Redefining \dots on input line 499.
LaTeX Info: Redefining \cdots on input line 620.
\Mathstrutbox@=\box50
\strutbox@=\box51
\big@size=\dimen141
LaTeX Font Info:    Redeclaring font encoding OML on input line 743.
LaTeX Font Info:    Redeclaring font encoding OMS on input line 744.
\macc@depth=\count198
\c@MaxMatrixCols=\count199
\dotsspace@=\muskip16
\c@parentequation=\count266
\dspbrk@lvl=\count267
\tag@help=\toks17
\row@=\count268
\column@=\count269
\maxfields@=\count270
\andhelp@=\toks18
\eqnshift@=\dimen142
\alignsep@=\dimen143
\tagshift@=\dimen144
\tagwidth@=\dimen145
\totwidth@=\dimen146
\lineht@=\dimen147
\@envbody=\toks19
\multlinegap=\skip50
\multlinetaggap=\skip51
\mathdisplay@stack=\toks20
LaTeX Info: Redefining \[ on input line 2938.
LaTeX Info: Redefining \] on input line 2939.
) (/usr/local/texlive/2022/texmf-dist/tex/latex/graphics/graphicx.sty
Package: graphicx 2021/09/16 v1.2d Enhanced LaTeX Graphics (DPC,SPQR)
 (/usr/local/texlive/2022/texmf-dist/tex/latex/graphics/keyval.sty
Package: keyval 2014/10/28 v1.15 key=value parser (DPC)
\KV@toks@=\toks21
) (/usr/local/texlive/2022/texmf-dist/tex/latex/graphics/graphics.sty
Package: graphics 2021/03/04 v1.4d Standard LaTeX Graphics (DPC,SPQR)
 (/usr/local/texlive/2022/texmf-dist/tex/latex/graphics/trig.sty
Package: trig 2021/08/11 v1.11 sin cos tan (DPC)
) (/usr/local/texlive/2022/texmf-dist/tex/latex/graphics-cfg/graphics.cfg
File: graphics.cfg 2016/06/04 v1.11 sample graphics configuration
)
Package graphics Info: Driver file: pdftex.def on input line 107.
)
\Gin@req@height=\dimen148
\Gin@req@width=\dimen149
) (/usr/local/texlive/2022/texmf-dist/tex/latex/l3backend/l3backend-pdftex.def
File: l3backend-pdftex.def 2022-02-07 L3 backend support: PDF output (pdfTeX)
\l__color_backend_stack_int=\count271
\l__pdf_internal_box=\box52
) (./assignment6.aux)
\openout1 = `assignment6.aux'.

LaTeX Font Info:    Checking defaults for OML/cmm/m/it on input line 9.
LaTeX Font Info:    ... okay on input line 9.
LaTeX Font Info:    Checking defaults for OMS/cmsy/m/n on input line 9.
LaTeX Font Info:    ... okay on input line 9.
LaTeX Font Info:    Checking defaults for OT1/cmr/m/n on input line 9.
LaTeX Font Info:    ... okay on input line 9.
LaTeX Font Info:    Checking defaults for T1/cmr/m/n on input line 9.
LaTeX Font Info:    ... okay on input line 9.
LaTeX Font Info:    Checking defaults for TS1/cmr/m/n on input line 9.
LaTeX Font Info:    ... okay on input line 9.
LaTeX Font Info:    Checking defaults for OMX/cmex/m/n on input line 9.
LaTeX Font Info:    ... okay on input line 9.
LaTeX Font Info:    Checking defaults for U/cmr/m/n on input line 9.
LaTeX Font Info:    ... okay on input line 9.
 (/usr/local/texlive/2022/texmf-dist/tex/context/base/mkii/supp-pdf.mkii
[Loading MPS to PDF converter (version 2006.09.02).]
\scratchcounter=\count272
\scratchdimen=\dimen150
\scratchbox=\box53
\nofMPsegments=\count273
\nofMParguments=\count274
\everyMPshowfont=\toks22
\MPscratchCnt=\count275
\MPscratchDim=\dimen151
\MPnumerator=\count276
\makeMPintoPDFobject=\count277
\everyMPtoPDFconversion=\toks23
) (/usr/local/texlive/2022/texmf-dist/tex/latex/epstopdf-pkg/epstopdf-base.sty
Package: epstopdf-base 2020-01-24 v2.11 Base part for package epstopdf
Package epstopdf-base Info: Redefining graphics rule for `.eps' on input line 485.
 (/usr/local/texlive/2022/texmf-dist/tex/latex/latexconfig/epstopdf-sys.cfg
File: epstopdf-sys.cfg 2010/07/13 v1.3 Configuration of (r)epstopdf for TeX Live
))
Overfull \hbox (91.69734pt too wide) in paragraph at lines 13--24
 [] 
 []


Overfull \hbox (95.99615pt too wide) in paragraph at lines 49--49
[]    \OT1/cmtt/m/n/10 size of relation S | avg execution time to scan S | avg execution time to sort S[] 
 []


Overfull \hbox (106.49606pt too wide) in paragraph at lines 49--49
[]    \OT1/cmtt/m/n/10 --------------------+------------------------------+------------------------------[] 
 []


Overfull \hbox (101.24611pt too wide) in paragraph at lines 49--49
[]                     \OT1/cmtt/m/n/10 10 |                        0.011 |                        0.017[] 
 []

[1

{/usr/local/texlive/2022/texmf-var/fonts/map/pdftex/updmap/pdftex.map}]
Overfull \hbox (101.24611pt too wide) in paragraph at lines 49--49
[]                    \OT1/cmtt/m/n/10 100 |                        0.024 |                        0.052[] 
 []


Overfull \hbox (101.24611pt too wide) in paragraph at lines 49--49
[]                   \OT1/cmtt/m/n/10 1000 |                        0.169 |                        2.408[] 
 []


Overfull \hbox (101.24611pt too wide) in paragraph at lines 49--49
[]                  \OT1/cmtt/m/n/10 10000 |                        1.872 |                        6.989[] 
 []


Overfull \hbox (101.24611pt too wide) in paragraph at lines 49--49
[]                 \OT1/cmtt/m/n/10 100000 |                       14.371 |                       65.995[] 
 []


Overfull \hbox (101.24611pt too wide) in paragraph at lines 49--49
[]                \OT1/cmtt/m/n/10 1000000 |                      139.603 |                      915.788[] 
 []


Overfull \hbox (101.24611pt too wide) in paragraph at lines 49--49
[]               \OT1/cmtt/m/n/10 10000000 |                     1455.784 |                    10255.120[] 
 []


Overfull \hbox (101.24611pt too wide) in paragraph at lines 49--49
[]              \OT1/cmtt/m/n/10 100000000 |                    14460.073 |                   138792.104[] 
 []


Overfull \hbox (95.99615pt too wide) in paragraph at lines 63--63
[]    \OT1/cmtt/m/n/10 size of relation S | avg execution time to scan S | avg execution time to sort S[] 
 []


Overfull \hbox (106.49606pt too wide) in paragraph at lines 63--63
[]    \OT1/cmtt/m/n/10 --------------------+------------------------------+------------------------------[] 
 []


Overfull \hbox (101.24611pt too wide) in paragraph at lines 63--63
[]                     \OT1/cmtt/m/n/10 10 |                        0.010 |                        0.016[] 
 []


Overfull \hbox (101.24611pt too wide) in paragraph at lines 63--63
[]                    \OT1/cmtt/m/n/10 100 |                        0.023 |                        0.049[] 
 []


Overfull \hbox (101.24611pt too wide) in paragraph at lines 63--63
[]                   \OT1/cmtt/m/n/10 1000 |                        0.167 |                        0.418[] 
 []


Overfull \hbox (101.24611pt too wide) in paragraph at lines 63--63
[]                  \OT1/cmtt/m/n/10 10000 |                        1.620 |                        4.403[] 
 []


Overfull \hbox (101.24611pt too wide) in paragraph at lines 63--63
[]                 \OT1/cmtt/m/n/10 100000 |                       14.064 |                       50.646[] 
 []


Overfull \hbox (101.24611pt too wide) in paragraph at lines 63--63
[]                \OT1/cmtt/m/n/10 1000000 |                      142.235 |                      564.225[] 
 []


Overfull \hbox (101.24611pt too wide) in paragraph at lines 63--63
[]               \OT1/cmtt/m/n/10 10000000 |                     1452.670 |                     6729.739[] 
 []


Overfull \hbox (101.24611pt too wide) in paragraph at lines 63--63
[]              \OT1/cmtt/m/n/10 100000000 |                    17899.258 |                   100483.906[] 
 []


Overfull \hbox (95.99615pt too wide) in paragraph at lines 77--77
[]    \OT1/cmtt/m/n/10 size of relation S | avg execution time to scan S | avg execution time to sort S[] 
 []


Overfull \hbox (106.49606pt too wide) in paragraph at lines 77--77
[]    \OT1/cmtt/m/n/10 --------------------+------------------------------+------------------------------[] 
 []


Overfull \hbox (101.24611pt too wide) in paragraph at lines 77--77
[]                     \OT1/cmtt/m/n/10 10 |                        0.016 |                        0.019[] 
 []


Overfull \hbox (101.24611pt too wide) in paragraph at lines 77--77
[]                    \OT1/cmtt/m/n/10 100 |                        0.024 |                        0.051[] 
 []


Overfull \hbox (101.24611pt too wide) in paragraph at lines 77--77
[]                   \OT1/cmtt/m/n/10 1000 |                        0.178 |                        0.456[] 
 []


Overfull \hbox (101.24611pt too wide) in paragraph at lines 77--77
[]                  \OT1/cmtt/m/n/10 10000 |                        1.559 |                        4.234[] 
 []


Overfull \hbox (101.24611pt too wide) in paragraph at lines 77--77
[]                 \OT1/cmtt/m/n/10 100000 |                       14.388 |                       45.427[] 
 []


Overfull \hbox (101.24611pt too wide) in paragraph at lines 77--77
[]                \OT1/cmtt/m/n/10 1000000 |                      143.978 |                      611.464[] 
 []


Overfull \hbox (101.24611pt too wide) in paragraph at lines 77--77
[]               \OT1/cmtt/m/n/10 10000000 |                     1452.079 |                     6247.639[] 
 []


Overfull \hbox (101.24611pt too wide) in paragraph at lines 77--77
[]              \OT1/cmtt/m/n/10 100000000 |                    14355.261 |                    73248.857[] 
 []


Overfull \hbox (95.99615pt too wide) in paragraph at lines 92--92
[]    \OT1/cmtt/m/n/10 size of relation S | avg execution time to scan S | avg execution time to sort S[] 
 []

[2]
Overfull \hbox (106.49606pt too wide) in paragraph at lines 92--92
[]    \OT1/cmtt/m/n/10 --------------------+------------------------------+------------------------------[] 
 []


Overfull \hbox (101.24611pt too wide) in paragraph at lines 92--92
[]                     \OT1/cmtt/m/n/10 10 |                        0.012 |                        0.021[] 
 []


Overfull \hbox (101.24611pt too wide) in paragraph at lines 92--92
[]                    \OT1/cmtt/m/n/10 100 |                        0.025 |                        0.053[] 
 []


Overfull \hbox (101.24611pt too wide) in paragraph at lines 92--92
[]                   \OT1/cmtt/m/n/10 1000 |                        0.169 |                        0.445[] 
 []


Overfull \hbox (101.24611pt too wide) in paragraph at lines 92--92
[]                  \OT1/cmtt/m/n/10 10000 |                        1.601 |                        4.811[] 
 []


Overfull \hbox (101.24611pt too wide) in paragraph at lines 92--92
[]                 \OT1/cmtt/m/n/10 100000 |                       14.403 |                       45.133[] 
 []


Overfull \hbox (101.24611pt too wide) in paragraph at lines 92--92
[]                \OT1/cmtt/m/n/10 1000000 |                      142.452 |                      545.493[] 
 []


Overfull \hbox (101.24611pt too wide) in paragraph at lines 92--92
[]               \OT1/cmtt/m/n/10 10000000 |                     1453.586 |                     6516.514[] 
 []


Overfull \hbox (101.24611pt too wide) in paragraph at lines 92--92
[]              \OT1/cmtt/m/n/10 100000000 |                    14318.139 |                    68162.534[] 
 []


Overfull \hbox (32.9967pt too wide) in paragraph at lines 111--111
[]  \OT1/cmtt/m/n/10 size S  | create time for index (in ms) | time for range query (in ms)[] 
 []


Overfull \hbox (38.24666pt too wide) in paragraph at lines 111--111
[]\OT1/cmtt/m/n/10 ----------+-------------------------------+------------------------------[] 
 []


Overfull \hbox (32.9967pt too wide) in paragraph at lines 111--111
[]       \OT1/cmtt/m/n/10 10 |                         0.228 |                        0.022[] 
 []


Overfull \hbox (32.9967pt too wide) in paragraph at lines 111--111
[]      \OT1/cmtt/m/n/10 100 |                         0.372 |                        0.040[] 
 []


Overfull \hbox (32.9967pt too wide) in paragraph at lines 111--111
[]     \OT1/cmtt/m/n/10 1000 |                         2.373 |                        0.229[] 
 []


Overfull \hbox (32.9967pt too wide) in paragraph at lines 111--111
[]    \OT1/cmtt/m/n/10 10000 |                        21.508 |                        1.944[] 
 []


Overfull \hbox (32.9967pt too wide) in paragraph at lines 111--111
[]   \OT1/cmtt/m/n/10 100000 |                       288.745 |                       21.028[] 
 []


Overfull \hbox (32.9967pt too wide) in paragraph at lines 111--111
[]  \OT1/cmtt/m/n/10 1000000 |                      4411.057 |                      218.698[] 
 []


Overfull \hbox (32.9967pt too wide) in paragraph at lines 111--111
[] \OT1/cmtt/m/n/10 10000000 |                     58181.511 |                     2380.300[] 
 []


Overfull \hbox (122.24593pt too wide) in paragraph at lines 127--127
[] \OT1/cmtt/m/n/10 size of relation S | avg execution time to scan S | avg execution time to de-duplicate S[] 
 []


Overfull \hbox (127.49588pt too wide) in paragraph at lines 127--127
[]\OT1/cmtt/m/n/10 --------------------+------------------------------+--------------------------------------[] 
 []


Overfull \hbox (122.24593pt too wide) in paragraph at lines 127--127
[]                 \OT1/cmtt/m/n/10 10 |                        0.009 |                                0.042[] 
 []


Overfull \hbox (122.24593pt too wide) in paragraph at lines 127--127
[]                \OT1/cmtt/m/n/10 100 |                        0.021 |                                0.065[] 
 []


Overfull \hbox (122.24593pt too wide) in paragraph at lines 127--127
[]               \OT1/cmtt/m/n/10 1000 |                        0.181 |                                0.438[] 
 []


Overfull \hbox (122.24593pt too wide) in paragraph at lines 127--127
[]              \OT1/cmtt/m/n/10 10000 |                        1.632 |                                4.557[] 
 []


Overfull \hbox (122.24593pt too wide) in paragraph at lines 127--127
[]             \OT1/cmtt/m/n/10 100000 |                       14.944 |                               49.861[] 
 []


Overfull \hbox (122.24593pt too wide) in paragraph at lines 127--127
[]            \OT1/cmtt/m/n/10 1000000 |                      148.068 |                              712.393[] 
 []

[3]
Overfull \hbox (122.24593pt too wide) in paragraph at lines 127--127
[]           \OT1/cmtt/m/n/10 10000000 |                     1511.463 |                             7415.293[] 
 []


Overfull \hbox (122.24593pt too wide) in paragraph at lines 127--127
[]          \OT1/cmtt/m/n/10 100000000 |                    18350.569 |                           110487.169[] 
 []


Overfull \hbox (122.24593pt too wide) in paragraph at lines 142--142
[] \OT1/cmtt/m/n/10 size of relation S | avg execution time to scan S | avg execution time to de-duplicate S[] 
 []


Overfull \hbox (127.49588pt too wide) in paragraph at lines 142--142
[]\OT1/cmtt/m/n/10 --------------------+------------------------------+--------------------------------------[] 
 []


Overfull \hbox (122.24593pt too wide) in paragraph at lines 142--142
[]                 \OT1/cmtt/m/n/10 10 |                        0.010 |                                0.030[] 
 []


Overfull \hbox (122.24593pt too wide) in paragraph at lines 142--142
[]                \OT1/cmtt/m/n/10 100 |                        0.024 |                                0.062[] 
 []


Overfull \hbox (122.24593pt too wide) in paragraph at lines 142--142
[]               \OT1/cmtt/m/n/10 1000 |                        0.185 |                                0.509[] 
 []


Overfull \hbox (122.24593pt too wide) in paragraph at lines 142--142
[]              \OT1/cmtt/m/n/10 10000 |                        1.625 |                                4.397[] 
 []


Overfull \hbox (122.24593pt too wide) in paragraph at lines 142--142
[]             \OT1/cmtt/m/n/10 100000 |                       16.357 |                               81.022[] 
 []


Overfull \hbox (122.24593pt too wide) in paragraph at lines 142--142
[]            \OT1/cmtt/m/n/10 1000000 |                      172.676 |                              806.280[] 
 []


Overfull \hbox (122.24593pt too wide) in paragraph at lines 142--142
[]           \OT1/cmtt/m/n/10 10000000 |                     1490.950 |                             7195.494[] 
 []


Overfull \hbox (122.24593pt too wide) in paragraph at lines 142--142
[]          \OT1/cmtt/m/n/10 100000000 |                    16231.462 |                            97928.250[] 
 []


Overfull \hbox (38.03596pt too wide) in paragraph at lines 171--171
[]\OT1/cmtt/m/n/7 -------------------------------------------------------------------------------------------------------[] 
 []


Overfull \hbox (8.2856pt too wide) in paragraph at lines 171--171
[] \OT1/cmtt/m/n/7 HashAggregate  (cost=41.88..43.88 rows=200 width=4) (actual time=0.038..0.046 rows=58 loops=1)[] 
 []


Overfull \hbox (34.31717pt too wide) in paragraph at lines 171--171
[]   \OT1/cmtt/m/n/7 ->  Seq Scan on s  (cost=0.00..35.50 rows=2550 width=4) (actual time=0.007..0.015 rows=100 loops=1)[] 
 []


Overfull \hbox (38.03596pt too wide) in paragraph at lines 171--171
[]\OT1/cmtt/m/n/7 -------------------------------------------------------------------------------------------------------[] 
 []


Overfull \hbox (8.2856pt too wide) in paragraph at lines 171--171
[] \OT1/cmtt/m/n/7 HashAggregate  (cost=41.88..43.88 rows=200 width=4) (actual time=0.033..0.041 rows=58 loops=1)[] 
 []


Overfull \hbox (34.31717pt too wide) in paragraph at lines 171--171
[]   \OT1/cmtt/m/n/7 ->  Seq Scan on s  (cost=0.00..35.50 rows=2550 width=4) (actual time=0.005..0.013 rows=100 loops=1)[] 
 []


Underfull \hbox (badness 10000) in paragraph at lines 176--180

 []


Underfull \hbox (badness 10000) in paragraph at lines 176--180

 []

[4]
Underfull \hbox (badness 10000) in paragraph at lines 183--185

 []


Underfull \hbox (badness 10000) in paragraph at lines 188--190

 []


Underfull \hbox (badness 10000) in paragraph at lines 199--204

 []

<insert.png, id=26, 659.46375pt x 323.2075pt>
File: insert.png Graphic file (type png)
<use insert.png>
Package pdftex.def Info: insert.png  used on input line 222.
(pdftex.def)             Requested size: 329.73106pt x 161.60335pt.
[5]
<8b.jpeg, id=32, 1084.05pt x 1927.2pt>
File: 8b.jpeg Graphic file (type jpg)
<use 8b.jpeg>
Package pdftex.def Info: 8b.jpeg  used on input line 224.
(pdftex.def)             Requested size: 216.80615pt x 385.43318pt.
 [6 <./insert.png>]
<8c.jpeg, id=37, 1084.05pt x 1927.2pt>
File: 8c.jpeg Graphic file (type jpg)
<use 8c.jpeg>
Package pdftex.def Info: 8c.jpeg  used on input line 226.
(pdftex.def)             Requested size: 216.80615pt x 385.43318pt.
 [7 <./8b.jpeg>]

/Users/srinivasa.vemula/Library/CloudStorage/OneDrive-IndianaUniversity/Courses/ADC/Assignments/Assignment6/tex/assignment6.tex:228: LaTeX Error: File `9' not found.

See the LaTeX manual or LaTeX Companion for explanation.
Type  H <return>  for immediate help.
 ...                                              
                                                  
l.228   \includegraphics[scale=0.1]{9}
                                      
I could not locate the file with any of these extensions:
.pdf,.png,.jpg,.mps,.jpeg,.jbig2,.jb2,.PDF,.PNG,.JPG,.JPEG,.JBIG2,.JB2,.eps
Try typing  <return>  to proceed.
If that doesn't work, type  X <return>  to quit.

<hashing.jpg, id=42, 2069.7325pt x 3266.2025pt>
File: hashing.jpg Graphic file (type jpg)
<use hashing.jpg>
Package pdftex.def Info: hashing.jpg  used on input line 229.
(pdftex.def)             Requested size: 206.98537pt x 326.63939pt.
[8 <./8c.jpeg>] [9 <./hashing.jpg>]
Overfull \hbox (26.87927pt too wide) in paragraph at lines 289--289
[]           \OT1/cmtt/m/n/5 ->  Bitmap Index Scan on personskill_skill_idx  (cost=0.00..21.80 rows=1802 width=0) (actual time=0.054..0.054 rows=1802 loops=1)[] 
 []


Overfull \hbox (10.94159pt too wide) in paragraph at lines 326--326
[]        \OT1/cmtt/m/n/5 ------------------------------------------------------------------------------------------------------------------------------[] 
 []


Overfull \hbox (8.28531pt too wide) in paragraph at lines 326--326
[]           \OT1/cmtt/m/n/5 ->  Bitmap Index Scan on skill_index  (cost=0.00..204.21 rows=18123 width=0) (actual time=0.546..0.546 rows=18172 loops=1)[] 
 []

[10]
Overfull \hbox (18.91043pt too wide) in paragraph at lines 363--363
[]        \OT1/cmtt/m/n/5 ---------------------------------------------------------------------------------------------------------------------------------[] 
 []


Overfull \hbox (8.28531pt too wide) in paragraph at lines 363--363
[]         \OT1/cmtt/m/n/5 Bitmap Heap Scan on personskill  (cost=2031.29..9186.98 rows=181015 width=4) (actual time=6.280..38.996 rows=181384 loops=1)[] 
 []


Overfull \hbox (16.25415pt too wide) in paragraph at lines 363--363
[]           \OT1/cmtt/m/n/5 ->  Bitmap Index Scan on skill_index  (cost=0.00..1986.04 rows=181015 width=0) (actual time=5.554..5.555 rows=181384 loops=1)[] 
 []


Overfull \hbox (32.19183pt too wide) in paragraph at lines 400--400
[]        \OT1/cmtt/m/n/5 --------------------------------------------------------------------------------------------------------------------------------------[] 
 []


Overfull \hbox (24.22299pt too wide) in paragraph at lines 400--400
[]         \OT1/cmtt/m/n/5 Bitmap Heap Scan on personskill  (cost=20527.37..92377.13 rows=1834701 width=4) (actual time=77.331..499.683 rows=1811314 loops=1)[] 
 []


Overfull \hbox (29.53555pt too wide) in paragraph at lines 400--400
[]           \OT1/cmtt/m/n/5 ->  Bitmap Index Scan on skill_index  (cost=0.00..20068.69 rows=1834701 width=0) (actual time=68.578..68.578 rows=1811314 loops=1)[] 
 []

[11]
Overfull \hbox (10.94159pt too wide) in paragraph at lines 484--484
[]        \OT1/cmtt/m/n/5 ------------------------------------------------------------------------------------------------------------------------------[] 
 []


Overfull \hbox (8.28531pt too wide) in paragraph at lines 484--484
[]         \OT1/cmtt/m/n/5 Index Scan using worksfor_salary_idx on worksfor  (cost=0.29..8.32 rows=2 width=4) (actual time=0.007..0.008 rows=1 loops=1)[] 
 []

[12]
Overfull \hbox (10.94159pt too wide) in paragraph at lines 518--518
[]        \OT1/cmtt/m/n/5 ------------------------------------------------------------------------------------------------------------------------------[] 
 []


Overfull \hbox (8.28531pt too wide) in paragraph at lines 518--518
[]         \OT1/cmtt/m/n/5 Index Scan using worksfor_salary_idx on worksfor  (cost=0.29..8.33 rows=2 width=4) (actual time=0.007..0.008 rows=3 loops=1)[] 
 []


Overfull \hbox (10.94159pt too wide) in paragraph at lines 555--555
[]        \OT1/cmtt/m/n/5 ------------------------------------------------------------------------------------------------------------------------------[] 
 []


Overfull \hbox (8.28531pt too wide) in paragraph at lines 555--555
[]         \OT1/cmtt/m/n/5 Index Scan using worksfor_salary_idx on worksfor  (cost=0.42..8.46 rows=2 width=8) (actual time=0.014..0.016 rows=4 loops=1)[] 
 []


Overfull \hbox (0.31647pt too wide) in paragraph at lines 577--577
[]        \OT1/cmtt/m/n/5 --------------------------------------------------------------------------------------------------------------------------[] 
 []

[13]
Overfull \hbox (10.94159pt too wide) in paragraph at lines 593--593
[]        \OT1/cmtt/m/n/5 ------------------------------------------------------------------------------------------------------------------------------[] 
 []


Overfull \hbox (8.28531pt too wide) in paragraph at lines 593--593
[]         \OT1/cmtt/m/n/5 Index Scan using worksfor_salary_idx on worksfor  (cost=0.43..8.50 rows=3 width=8) (actual time=0.014..0.015 rows=1 loops=1)[] 
 []


Overfull \hbox (32.19183pt too wide) in paragraph at lines 629--629
[]        \OT1/cmtt/m/n/5 --------------------------------------------------------------------------------------------------------------------------------------[] 
 []


Overfull \hbox (29.53555pt too wide) in paragraph at lines 629--629
[]         \OT1/cmtt/m/n/5 Index Scan using worksfor_salary_idx on worksfor  (cost=0.29..186.53 rows=4962 width=4) (actual time=0.018..1.170 rows=4955 loops=1)[] 
 []

[14] [15] [16]
Overfull \hbox (50.7858pt too wide) in paragraph at lines 924--924
[]        \OT1/cmtt/m/n/5 ---------------------------------------------------------------------------------------------------------------------------------------------[] 
 []


Overfull \hbox (48.12952pt too wide) in paragraph at lines 924--924
[]         \OT1/cmtt/m/n/5 Index Only Scan using personskill_pid_skill_idx on personskill  (cost=0.29..4.30 rows=1 width=14) (actual time=0.046..0.047 rows=1 loops=1)[] 
 []

[17]
Overfull \hbox (50.7858pt too wide) in paragraph at lines 959--959
[]        \OT1/cmtt/m/n/5 ---------------------------------------------------------------------------------------------------------------------------------------------[] 
 []


Overfull \hbox (48.12952pt too wide) in paragraph at lines 959--959
[]         \OT1/cmtt/m/n/5 Index Only Scan using personskill_pid_skill_idx on personskill  (cost=0.42..4.44 rows=1 width=14) (actual time=0.063..0.064 rows=1 loops=1)[] 
 []


Overfull \hbox (2.97275pt too wide) in paragraph at lines 980--980
[]        \OT1/cmtt/m/n/5 ---------------------------------------------------------------------------------------------------------------------------[] 
 []


Overfull \hbox (0.31647pt too wide) in paragraph at lines 980--980
[]           \OT1/cmtt/m/n/5 ->  Parallel Seq Scan on personskill  (cost=0.00..10557.39 rows=1 width=14) (actual time=15.999..25.964 rows=0 loops=3)[] 
 []


Overfull \hbox (50.7858pt too wide) in paragraph at lines 997--997
[]        \OT1/cmtt/m/n/5 ---------------------------------------------------------------------------------------------------------------------------------------------[] 
 []


Overfull \hbox (48.12952pt too wide) in paragraph at lines 997--997
[]         \OT1/cmtt/m/n/5 Index Only Scan using personskill_pid_skill_idx on personskill  (cost=0.42..4.44 rows=1 width=14) (actual time=0.055..0.056 rows=1 loops=1)[] 
 []


Overfull \hbox (10.94159pt too wide) in paragraph at lines 1018--1018
[]        \OT1/cmtt/m/n/5 ------------------------------------------------------------------------------------------------------------------------------[] 
 []


Overfull \hbox (8.28531pt too wide) in paragraph at lines 1018--1018
[]           \OT1/cmtt/m/n/5 ->  Parallel Seq Scan on personskill  (cost=0.00..105540.10 rows=1 width=14) (actual time=233.990..354.330 rows=0 loops=3)[] 
 []

[18]
Overfull \hbox (50.7858pt too wide) in paragraph at lines 1035--1035
[]        \OT1/cmtt/m/n/5 ---------------------------------------------------------------------------------------------------------------------------------------------[] 
 []


Overfull \hbox (48.12952pt too wide) in paragraph at lines 1035--1035
[]         \OT1/cmtt/m/n/5 Index Only Scan using personskill_pid_skill_idx on personskill  (cost=0.43..4.45 rows=1 width=14) (actual time=0.012..0.013 rows=1 loops=1)[] 
 []


Overfull \hbox (98.59885pt too wide) in paragraph at lines 1103--1103
[]        \OT1/cmtt/m/n/5 ---------------------------------------------------------------------------------------------------------------------------------------------------------------[] 
 []

[19]
Overfull \hbox (95.94257pt too wide) in paragraph at lines 1103--1103
[]                 \OT1/cmtt/m/n/5 ->  Index Only Scan using personskill_skill_pid_idx on personskill  (cost=0.29..64.54 rows=1843 width=4) (actual time=0.023..0.303 rows=1843 loops=1)[] 
 []


Overfull \hbox (5.62903pt too wide) in paragraph at lines 1126--1126
[]        \OT1/cmtt/m/n/5 ----------------------------------------------------------------------------------------------------------------------------[] 
 []


Overfull \hbox (2.97275pt too wide) in paragraph at lines 1126--1126
[]                 \OT1/cmtt/m/n/5 ->  Seq Scan on personskill  (cost=0.00..1623.28 rows=18060 width=4) (actual time=0.018..9.072 rows=18119 loops=1)[] 
 []


Overfull \hbox (106.56769pt too wide) in paragraph at lines 1148--1148
[]        \OT1/cmtt/m/n/5 ------------------------------------------------------------------------------------------------------------------------------------------------------------------[] 
 []


Overfull \hbox (103.9114pt too wide) in paragraph at lines 1148--1148
[]                 \OT1/cmtt/m/n/5 ->  Index Only Scan using personskill_skill_pid_idx on personskill  (cost=0.42..600.47 rows=18060 width=4) (actual time=0.071..3.205 rows=18119 loops=1)[] 
 []


Overfull \hbox (16.25415pt too wide) in paragraph at lines 1171--1171
[]        \OT1/cmtt/m/n/5 --------------------------------------------------------------------------------------------------------------------------------[] 
 []


Overfull \hbox (13.59787pt too wide) in paragraph at lines 1171--1171
[]                 \OT1/cmtt/m/n/5 ->  Seq Scan on personskill  (cost=0.00..16215.64 rows=174898 width=4) (actual time=0.007..82.050 rows=181094 loops=1)[] 
 []


Overfull \hbox (117.19281pt too wide) in paragraph at lines 1193--1193
[]        \OT1/cmtt/m/n/5 ----------------------------------------------------------------------------------------------------------------------------------------------------------------------[] 
 []

[20]
Overfull \hbox (114.53653pt too wide) in paragraph at lines 1193--1193
[]                 \OT1/cmtt/m/n/5 ->  Index Only Scan using personskill_skill_pid_idx on personskill  (cost=0.42..5813.24 rows=176504 width=4) (actual time=0.028..27.646 rows=181054 loops=1)[] 
 []


Overfull \hbox (29.53555pt too wide) in paragraph at lines 1216--1216
[]        \OT1/cmtt/m/n/5 -------------------------------------------------------------------------------------------------------------------------------------[] 
 []


Overfull \hbox (0.31647pt too wide) in paragraph at lines 1216--1216
[]           \OT1/cmtt/m/n/5 ->  Seq Scan on person  (cost=0.00..144247.77 rows=9999977 width=8) (actual time=0.020..1577.721 rows=10000000 loops=1)[] 
 []


Overfull \hbox (26.87927pt too wide) in paragraph at lines 1216--1216
[]                 \OT1/cmtt/m/n/5 ->  Seq Scan on personskill  (cost=0.00..162196.96 rows=1806883 width=4) (actual time=0.013..1440.731 rows=1812756 loops=1)[] 
 []


Overfull \hbox (127.81793pt too wide) in paragraph at lines 1238--1238
[]        \OT1/cmtt/m/n/5 --------------------------------------------------------------------------------------------------------------------------------------------------------------------------[] 
 []


Overfull \hbox (2.97275pt too wide) in paragraph at lines 1238--1238
[]           \OT1/cmtt/m/n/5 ->  Seq Scan on person  (cost=0.00..144248.00 rows=10000000 width=8) (actual time=0.022..1516.697 rows=10000000 loops=1)[] 
 []


Overfull \hbox (125.16165pt too wide) in paragraph at lines 1238--1238
[]                 \OT1/cmtt/m/n/5 ->  Index Only Scan using personskill_skill_pid_idx on personskill  (cost=0.43..59454.13 rows=1806954 width=4) (actual time=0.780..505.690 rows=1812756 loops=1)[] 
 []

[21]
Overfull \hbox (82.66116pt too wide) in paragraph at lines 1293--1293
[]        \OT1/cmtt/m/n/5 ---------------------------------------------------------------------------------------------------------------------------------------------------------[] 
 []


Overfull \hbox (80.00488pt too wide) in paragraph at lines 1293--1293
[]             \OT1/cmtt/m/n/5 ->  Index Only Scan using personskill_skill_pid_idx on personskill  (cost=0.28..11.72 rows=197 width=4) (actual time=0.020..0.053 rows=197 loops=1)[] 
 []


Overfull \hbox (87.97372pt too wide) in paragraph at lines 1335--1335
[]        \OT1/cmtt/m/n/5 -----------------------------------------------------------------------------------------------------------------------------------------------------------[] 
 []


Overfull \hbox (85.31744pt too wide) in paragraph at lines 1335--1335
[]             \OT1/cmtt/m/n/5 ->  Index Only Scan using personskill_skill_pid_idx on personskill  (cost=0.29..64.61 rows=1847 width=4) (actual time=0.055..0.350 rows=1847 loops=1)[] 
 []

[22]
Overfull \hbox (95.94257pt too wide) in paragraph at lines 1377--1377
[]        \OT1/cmtt/m/n/5 --------------------------------------------------------------------------------------------------------------------------------------------------------------[] 
 []


Overfull \hbox (93.28629pt too wide) in paragraph at lines 1377--1377
[]             \OT1/cmtt/m/n/5 ->  Index Only Scan using personskill_skill_pid_idx on personskill  (cost=0.42..595.28 rows=17992 width=4) (actual time=0.058..3.206 rows=18031 loops=1)[] 
 []


Overfull \hbox (26.87927pt too wide) in paragraph at lines 1425--1425
[]        \OT1/cmtt/m/n/5 ------------------------------------------------------------------------------------------------------------------------------------[] 
 []


Overfull \hbox (8.28531pt too wide) in paragraph at lines 1425--1425
[]                       \OT1/cmtt/m/n/5 ->  Seq Scan on knows k1  (cost=0.00..145.00 rows=10000 width=8) (actual time=0.004..0.972 rows=10000 loops=1)[] 
 []


Overfull \hbox (24.22299pt too wide) in paragraph at lines 1425--1425
[]                             \OT1/cmtt/m/n/5 ->  Seq Scan on knows k2  (cost=0.00..145.00 rows=10000 width=8) (actual time=0.003..0.898 rows=10000 loops=1)[] 
 []


Overfull \hbox (8.28531pt too wide) in paragraph at lines 1425--1425
[]                       \OT1/cmtt/m/n/5 ->  Seq Scan on knows k3  (cost=0.00..145.00 rows=10000 width=8) (actual time=0.011..1.242 rows=10000 loops=1)[] 
 []


Overfull \hbox (26.87927pt too wide) in paragraph at lines 1453--1453
[]        \OT1/cmtt/m/n/5 ------------------------------------------------------------------------------------------------------------------------------------[] 
 []

[23]
Overfull \hbox (8.28531pt too wide) in paragraph at lines 1453--1453
[]                       \OT1/cmtt/m/n/5 ->  Seq Scan on knows k1  (cost=0.00..145.00 rows=10000 width=8) (actual time=0.004..0.973 rows=10000 loops=1)[] 
 []


Overfull \hbox (24.22299pt too wide) in paragraph at lines 1453--1453
[]                             \OT1/cmtt/m/n/5 ->  Seq Scan on knows k2  (cost=0.00..145.00 rows=10000 width=8) (actual time=0.003..0.907 rows=10000 loops=1)[] 
 []


Overfull \hbox (8.28531pt too wide) in paragraph at lines 1453--1453
[]                       \OT1/cmtt/m/n/5 ->  Seq Scan on knows k3  (cost=0.00..145.00 rows=10000 width=8) (actual time=0.009..1.332 rows=10000 loops=1)[] 
 []


Overfull \hbox (29.53555pt too wide) in paragraph at lines 1483--1483
[]        \OT1/cmtt/m/n/5 -------------------------------------------------------------------------------------------------------------------------------------[] 
 []


Overfull \hbox (13.59787pt too wide) in paragraph at lines 1483--1483
[]                       \OT1/cmtt/m/n/5 ->  Seq Scan on knows k3  (cost=0.00..1442.99 rows=99999 width=8) (actual time=0.009..12.444 rows=99999 loops=1)[] 
 []


Overfull \hbox (26.87927pt too wide) in paragraph at lines 1483--1483
[]                             \OT1/cmtt/m/n/5 ->  Seq Scan on knows k2  (cost=0.00..1442.99 rows=99999 width=8) (actual time=0.004..9.544 rows=99999 loops=1)[] 
 []


Overfull \hbox (10.94159pt too wide) in paragraph at lines 1483--1483
[]                       \OT1/cmtt/m/n/5 ->  Seq Scan on knows k1  (cost=0.00..1442.99 rows=99999 width=8) (actual time=0.031..9.395 rows=99999 loops=1)[] 
 []


Overfull \hbox (29.53555pt too wide) in paragraph at lines 1511--1511
[]        \OT1/cmtt/m/n/5 -------------------------------------------------------------------------------------------------------------------------------------[] 
 []


Overfull \hbox (13.59787pt too wide) in paragraph at lines 1511--1511
[]                       \OT1/cmtt/m/n/5 ->  Seq Scan on knows k3  (cost=0.00..1442.99 rows=99999 width=8) (actual time=0.009..12.814 rows=99999 loops=1)[] 
 []


Overfull \hbox (26.87927pt too wide) in paragraph at lines 1511--1511
[]                             \OT1/cmtt/m/n/5 ->  Seq Scan on knows k2  (cost=0.00..1442.99 rows=99999 width=8) (actual time=0.008..9.387 rows=99999 loops=1)[] 
 []


Overfull \hbox (10.94159pt too wide) in paragraph at lines 1511--1511
[]                       \OT1/cmtt/m/n/5 ->  Seq Scan on knows k1  (cost=0.00..1442.99 rows=99999 width=8) (actual time=0.009..9.235 rows=99999 loops=1)[] 
 []


Overfull \hbox (40.16068pt too wide) in paragraph at lines 1541--1541
[]        \OT1/cmtt/m/n/5 -----------------------------------------------------------------------------------------------------------------------------------------[] 
 []

[24]
Overfull \hbox (0.31647pt too wide) in paragraph at lines 1541--1541
[]                 \OT1/cmtt/m/n/5 ->  Hash Join  (cost=30831.91..82307.44 rows=2032959 width=8) (actual time=262.207..977.635 rows=1000211 loops=1)[] 
 []


Overfull \hbox (21.56671pt too wide) in paragraph at lines 1541--1541
[]                       \OT1/cmtt/m/n/5 ->  Seq Scan on knows k1  (cost=0.00..14424.96 rows=999996 width=8) (actual time=0.008..82.875 rows=999996 loops=1)[] 
 []


Overfull \hbox (37.5044pt too wide) in paragraph at lines 1541--1541
[]                             \OT1/cmtt/m/n/5 ->  Seq Scan on knows k2  (cost=0.00..14424.96 rows=999996 width=8) (actual time=0.003..84.305 rows=999996 loops=1)[] 
 []


Overfull \hbox (24.22299pt too wide) in paragraph at lines 1541--1541
[]                       \OT1/cmtt/m/n/5 ->  Seq Scan on knows k3  (cost=0.00..14424.96 rows=999996 width=8) (actual time=0.015..114.301 rows=999996 loops=1)[] 
 []


Overfull \hbox (40.16068pt too wide) in paragraph at lines 1569--1569
[]        \OT1/cmtt/m/n/5 -----------------------------------------------------------------------------------------------------------------------------------------[] 
 []


Overfull \hbox (0.31647pt too wide) in paragraph at lines 1569--1569
[]                 \OT1/cmtt/m/n/5 ->  Hash Join  (cost=30831.91..82307.44 rows=2032959 width=8) (actual time=235.393..922.831 rows=1000211 loops=1)[] 
 []


Overfull \hbox (21.56671pt too wide) in paragraph at lines 1569--1569
[]                       \OT1/cmtt/m/n/5 ->  Seq Scan on knows k1  (cost=0.00..14424.96 rows=999996 width=8) (actual time=0.008..77.714 rows=999996 loops=1)[] 
 []


Overfull \hbox (37.5044pt too wide) in paragraph at lines 1569--1569
[]                             \OT1/cmtt/m/n/5 ->  Seq Scan on knows k2  (cost=0.00..14424.96 rows=999996 width=8) (actual time=0.004..76.373 rows=999996 loops=1)[] 
 []


Overfull \hbox (24.22299pt too wide) in paragraph at lines 1569--1569
[]                       \OT1/cmtt/m/n/5 ->  Seq Scan on knows k3  (cost=0.00..14424.96 rows=999996 width=8) (actual time=0.014..109.397 rows=999996 loops=1)[] 
 []

[25] (./assignment6.aux) ) 
Here is how much of TeX's memory you used:
 2574 strings out of 478268
 38032 string characters out of 5846347
 369637 words of memory out of 5000000
 20769 multiletter control sequences out of 15000+600000
 476459 words of font info for 54 fonts, out of 8000000 for 9000
 1141 hyphenation exceptions out of 8191
 55i,7n,62p,355b,384s stack positions out of 10000i,1000n,20000p,200000b,200000s
{/usr/local/texlive/2022/texmf-dist/fonts/enc/dvips/cm-super/cm-super-ts1.enc}</usr/local/texlive/2022/texmf-dist/fonts/type1/public/amsfonts/cm/cmbx10.pfb></usr/local/texlive/2022/texmf-dist/fonts/type1/public/amsfonts/cm/cmbx12.pfb></usr/local/texlive/2022/texmf-dist/fonts/type1/public/amsfonts/cm/cmbxti10.pfb></usr/local/texlive/2022/texmf-dist/fonts/type1/public/amsfonts/cm/cmmi10.pfb></usr/local/texlive/2022/texmf-dist/fonts/type1/public/amsfonts/cm/cmmi7.pfb></usr/local/texlive/2022/texmf-dist/fonts/type1/public/amsfonts/cm/cmr10.pfb></usr/local/texlive/2022/texmf-dist/fonts/type1/public/amsfonts/cm/cmr12.pfb></usr/local/texlive/2022/texmf-dist/fonts/type1/public/amsfonts/cm/cmr17.pfb></usr/local/texlive/2022/texmf-dist/fonts/type1/public/amsfonts/cm/cmr7.pfb></usr/local/texlive/2022/texmf-dist/fonts/type1/public/amsfonts/cm/cmsy10.pfb></usr/local/texlive/2022/texmf-dist/fonts/type1/public/amsfonts/cm/cmtt10.pfb></usr/local/texlive/2022/texmf-dist/fonts/type1/public/amsfonts/cm/cmtt8.pfb></usr/local/texlive/2022/texmf-dist/fonts/type1/public/cm-super/sfrm1000.pfb>
Output written on assignment6.pdf (25 pages, 1568383 bytes).
PDF statistics:
 157 PDF objects out of 1000 (max. 8388607)
 98 compressed objects within 1 object stream
 0 named destinations out of 1000 (max. 500000)
 21 words of extra memory for PDF output out of 10000 (max. 10000000)

